<?xml version="1.0" encoding="UTF-8"?>
<!-- Generated by org.testng.reporters.JUnitReportReporter -->
<testsuite name="com.course.testng.suit.groups.GroupsOnClass2" tests="2" time="0.004" ignored="2" failures="0" timestamp="18 十月 2018 09:32:27 GMT" skipped="0" hostname="CNHQ-07075929N" errors="0">
  <testcase name="stu2" time="0.002" classname="com.course.testng.suit.groups.GroupsOnClass2"/>
  <testcase name="stu1" time="0.002" classname="com.course.testng.suit.groups.GroupsOnClass2"/>
  <testcase name="teacher1" classname="com.course.testng.suit.groups.GroupsOnClass3">
    <skipped/>
  </testcase> <!-- teacher1 -->
  <testcase name="teacher2" classname="com.course.testng.suit.groups.GroupsOnClass3">
    <skipped/>
  </testcase> <!-- teacher2 -->
</testsuite> <!-- com.course.testng.suit.groups.GroupsOnClass2 -->
