<?xml version="1.0" encoding="UTF-8"?>
<!-- Generated by org.testng.reporters.JUnitReportReporter -->
<testsuite skipped="0" hostname="CNHQ-07075929N" name="com.course.testng.mutithread.ThreadTestXml" tests="6" failures="0" timestamp="19 十月 2018 07:49:45 GMT" time="0.019" errors="0">
  <testcase name="test3" time="0.002" classname="com.course.testng.mutithread.ThreadTestXml"/>
  <testcase name="test1" time="0.011" classname="com.course.testng.mutithread.ThreadTestXml"/>
  <testcase name="test1" time="0.001" classname="com.course.testng.mutithread.ThreadTestXml"/>
  <testcase name="test2" time="0.002" classname="com.course.testng.mutithread.ThreadTestXml"/>
  <testcase name="test2" time="0.001" classname="com.course.testng.mutithread.ThreadTestXml"/>
  <testcase name="test3" time="0.002" classname="com.course.testng.mutithread.ThreadTestXml"/>
</testsuite> <!-- com.course.testng.mutithread.ThreadTestXml -->
