<?xml version="1.0" encoding="UTF-8"?>
<!-- Generated by org.testng.reporters.JUnitReportReporter -->
<testsuite skipped="0" hostname="CNHQ-07075929N" name="com.course.httpclient.cookies.TestHttpGetCookies" tests="2" failures="0" timestamp="01 十一月 2018 07:26:38 GMT" time="0.920" errors="0">
  <testcase name="requestWithGetCookies" time="0.016" classname="com.course.httpclient.cookies.TestHttpGetCookies"/>
  <testcase name="getCookies" time="0.904" classname="com.course.httpclient.cookies.TestHttpGetCookies"/>
</testsuite> <!-- com.course.httpclient.cookies.TestHttpGetCookies -->
