<?xml version="1.0" encoding="UTF-8"?>
<!-- Generated by org.testng.reporters.JUnitReportReporter -->
<testsuite name="com.course.testng.suit.PayTest" tests="1" time="0.001" ignored="0" failures="0" timestamp="18 十月 2018 08:01:58 GMT" skipped="0" hostname="CNHQ-07075929N" errors="0">
  <testcase name="pay" time="0.001" classname="com.course.testng.suit.PayTest"/>
</testsuite> <!-- com.course.testng.suit.PayTest -->
