<?xml version="1.0" encoding="UTF-8"?>
<!-- Generated by org.testng.reporters.JUnitReportReporter -->
<testsuite name="com.course.testng.suit.groups.GroupsOnClass1" tests="2" time="0.016" ignored="2" failures="0" timestamp="18 十月 2018 09:33:45 GMT" skipped="0" hostname="CNHQ-07075929N" errors="0">
  <testcase name="stu2" time="0.002" classname="com.course.testng.suit.groups.GroupsOnClass1"/>
  <testcase name="stu1" time="0.014" classname="com.course.testng.suit.groups.GroupsOnClass1"/>
  <testcase name="stu1" classname="com.course.testng.suit.groups.GroupsOnClass2">
    <skipped/>
  </testcase> <!-- stu1 -->
  <testcase name="stu2" classname="com.course.testng.suit.groups.GroupsOnClass2">
    <skipped/>
  </testcase> <!-- stu2 -->
</testsuite> <!-- com.course.testng.suit.groups.GroupsOnClass1 -->
