<?xml version="1.0" encoding="UTF-8"?>
<!-- Generated by org.testng.reporters.JUnitReportReporter -->
<testsuite name="com.course.testng.suit.groups.GroupsOnMethod" tests="4" time="0.009" ignored="0" failures="0" timestamp="18 十月 2018 09:13:23 GMT" skipped="0" hostname="CNHQ-07075929N" errors="0">
  <testcase name="test2" time="0.002" classname="com.course.testng.suit.groups.GroupsOnMethod"/>
  <testcase name="test3" time="0.001" classname="com.course.testng.suit.groups.GroupsOnMethod"/>
  <testcase name="test4" time="0.001" classname="com.course.testng.suit.groups.GroupsOnMethod"/>
  <testcase name="test1" time="0.005" classname="com.course.testng.suit.groups.GroupsOnMethod"/>
</testsuite> <!-- com.course.testng.suit.groups.GroupsOnMethod -->
