<?xml version="1.0" encoding="UTF-8"?>
<!-- Generated by org.testng.reporters.JUnitReportReporter -->
<testsuite skipped="0" hostname="CNHQ-07075929N" name="com.course.testng.parameters.DataProviderTest" tests="7" failures="0" timestamp="19 十月 2018 06:21:06 GMT" time="0.018" errors="0">
  <testcase name="test3" time="0.002" classname="com.course.testng.parameters.DataProviderTest"/>
  <testcase name="test1" time="0.002" classname="com.course.testng.parameters.DataProviderTest"/>
  <testcase name="test1" time="0.002" classname="com.course.testng.parameters.DataProviderTest"/>
  <testcase name="test3" time="0.001" classname="com.course.testng.parameters.DataProviderTest"/>
  <testcase name="test2" time="0.002" classname="com.course.testng.parameters.DataProviderTest"/>
  <testcase name="test2" time="0.001" classname="com.course.testng.parameters.DataProviderTest"/>
  <testcase name="test1" time="0.008" classname="com.course.testng.parameters.DataProviderTest"/>
</testsuite> <!-- com.course.testng.parameters.DataProviderTest -->
