<?xml version="1.0" encoding="UTF-8"?>
<!-- Generated by org.testng.reporters.JUnitReportReporter -->
<testsuite name="com.course.testng.suit.LoginTest" tests="1" time="0.005" ignored="0" failures="0" timestamp="18 十月 2018 08:01:58 GMT" skipped="0" hostname="CNHQ-07075929N" errors="0">
  <testcase name="login" time="0.005" classname="com.course.testng.suit.LoginTest"/>
</testsuite> <!-- com.course.testng.suit.LoginTest -->
