<?xml version="1.0" encoding="UTF-8"?>
<!-- Generated by org.testng.reporters.JUnitReportReporter -->
<testsuite skipped="0" hostname="CNHQ-07075929N" name="com.course.httpclient.demo.MyHttp" tests="1" failures="0" timestamp="31 十月 2018 07:59:43 GMT" time="0.664" errors="0">
  <testcase name="test1" time="0.664" classname="com.course.httpclient.demo.MyHttp"/>
</testsuite> <!-- com.course.httpclient.demo.MyHttp -->
