<?xml version="1.0" encoding="UTF-8"?>
<!-- Generated by org.testng.reporters.JUnitReportReporter -->
<testsuite name="com.course.testng.BasicAnnotation" tests="1" time="0.006" ignored="1" failures="0" timestamp="18 十月 2018 08:51:58 GMT" skipped="0" hostname="CNHQ-07075929N" errors="0">
  <testcase name="testCase1" time="0.006" classname="com.course.testng.BasicAnnotation"/>
  <testcase name="testCase2" classname="com.course.testng.BasicAnnotation">
    <skipped/>
  </testcase> <!-- testCase2 -->
</testsuite> <!-- com.course.testng.BasicAnnotation -->
