<?xml version="1.0" encoding="UTF-8"?>
<!-- Generated by org.testng.reporters.JUnitReportReporter -->
<testsuite skipped="0" hostname="CNHQ-07075929N" name="com.course.testng.parameters.ParametersTest" tests="1" failures="0" timestamp="19 十月 2018 04:25:33 GMT" time="0.011" errors="0">
  <testcase name="test1" time="0.011" classname="com.course.testng.parameters.ParametersTest"/>
</testsuite> <!-- com.course.testng.parameters.ParametersTest -->
