<?xml version="1.0" encoding="UTF-8"?>
<!-- Generated by org.testng.reporters.JUnitReportReporter -->
<testsuite name="com.course.testng.ExpectedException" tests="1" time="0.013" ignored="0" failures="0" timestamp="18 十月 2018 09:51:41 GMT" skipped="0" hostname="CNHQ-07075929N" errors="0">
  <testcase name="runTimeException" time="0.013" classname="com.course.testng.ExpectedException"/>
</testsuite> <!-- com.course.testng.ExpectedException -->
